{"contracts\\HealthTrust.sol":{"l":{"61":0,"65":0,"69":0,"70":0,"74":0,"78":0,"82":0,"83":0,"84":0,"91":0,"95":0,"96":0,"97":0,"98":0,"102":0,"106":0,"107":0,"108":0,"109":0,"110":0,"111":0,"114":0,"118":0,"122":0,"123":0,"124":0,"128":0,"132":0,"133":0,"134":0,"135":0,"136":0,"137":0,"140":0,"144":0,"148":0,"156":0,"160":0,"162":0,"163":0,"165":0,"166":0,"167":0,"168":0,"169":0,"170":0,"171":0,"172":0,"174":0,"180":0,"181":0,"182":0,"183":0,"184":0,"185":0,"187":0,"201":0,"203":0,"204":0,"206":0,"208":0,"214":0,"215":0,"216":0,"217":0,"218":0,"219":0,"221":0,"232":0,"238":0,"246":0,"256":0,"263":0,"267":0,"273":0,"276":0},"path":"C:\\Users\\MAMA\\Desktop\\Abdullah\\bc_Projects\\Hackathon\\02 Toronet Hackathon\\HealthTrustPlatform\\contracts\\HealthTrust.sol","s":{"1":0,"2":0,"3":0,"4":0,"5":0,"6":0,"7":0,"8":0,"9":0,"10":0,"11":0,"12":0,"13":0,"14":0,"15":0,"16":0,"17":0,"18":0,"19":0,"20":0,"21":0,"22":0,"23":0,"24":0,"25":0,"26":0,"27":0,"28":0,"29":0,"30":0,"31":0,"32":0,"33":0,"34":0,"35":0,"36":0,"37":0,"38":0},"b":{"1":[0,0],"2":[0,0],"3":[0,0],"4":[0,0],"5":[0,0],"6":[0,0],"7":[0,0],"8":[0,0],"9":[0,0],"10":[0,0],"11":[0,0],"12":[0,0],"13":[0,0],"14":[0,0],"15":[0,0],"16":[0,0],"17":[0,0],"18":[0,0],"19":[0,0],"20":[0,0],"21":[0,0],"22":[0,0]},"f":{"1":0,"2":0,"3":0,"4":0,"5":0,"6":0,"7":0,"8":0,"9":0,"10":0,"11":0,"12":0,"13":0,"14":0,"15":0,"16":0},"fnMap":{"1":{"name":"onlyDoctor","line":60,"loc":{"start":{"line":60,"column":4},"end":{"line":66,"column":4}}},"2":{"name":"onlyOwner","line":68,"loc":{"start":{"line":68,"column":4},"end":{"line":71,"column":4}}},"3":{"name":"onlyAdmin","line":73,"loc":{"start":{"line":73,"column":4},"end":{"line":79,"column":4}}},"4":{"name":"constructor","line":81,"loc":{"start":{"line":81,"column":4},"end":{"line":85,"column":4}}},"5":{"name":"addDoctor","line":90,"loc":{"start":{"line":87,"column":4},"end":{"line":99,"column":4}}},"6":{"name":"removeDoctor","line":101,"loc":{"start":{"line":101,"column":4},"end":{"line":115,"column":4}}},"7":{"name":"addAdmin","line":117,"loc":{"start":{"line":117,"column":4},"end":{"line":125,"column":4}}},"8":{"name":"removeAdmin","line":127,"loc":{"start":{"line":127,"column":4},"end":{"line":141,"column":4}}},"9":{"name":"getAllAdmins","line":143,"loc":{"start":{"line":143,"column":4},"end":{"line":145,"column":4}}},"10":{"name":"getAllDoctors","line":147,"loc":{"start":{"line":147,"column":4},"end":{"line":149,"column":4}}},"11":{"name":"requestMedicalReport","line":151,"loc":{"start":{"line":151,"column":4},"end":{"line":188,"column":4}}},"12":{"name":"submitMedicalReport","line":195,"loc":{"start":{"line":190,"column":4},"end":{"line":222,"column":4}}},"13":{"name":"decodeMedical","line":224,"loc":{"start":{"line":224,"column":4},"end":{"line":239,"column":4}}},"14":{"name":"_encode","line":241,"loc":{"start":{"line":241,"column":4},"end":{"line":247,"column":4}}},"15":{"name":"_decode","line":249,"loc":{"start":{"line":249,"column":4},"end":{"line":260,"column":4}}},"16":{"name":"withdraw","line":262,"loc":{"start":{"line":262,"column":4},"end":{"line":277,"column":4}}}},"statementMap":{"1":{"start":{"line":61,"column":8},"end":{"line":61,"column":1689}},"2":{"start":{"line":69,"column":8},"end":{"line":69,"column":77}},"3":{"start":{"line":74,"column":8},"end":{"line":74,"column":2012}},"4":{"start":{"line":84,"column":8},"end":{"line":84,"column":22}},"5":{"start":{"line":91,"column":8},"end":{"line":91,"column":2403}},"6":{"start":{"line":97,"column":8},"end":{"line":97,"column":38}},"7":{"start":{"line":98,"column":8},"end":{"line":98,"column":52}},"8":{"start":{"line":102,"column":8},"end":{"line":102,"column":2834}},"9":{"start":{"line":107,"column":8},"end":{"line":107,"column":3003}},"10":{"start":{"line":108,"column":12},"end":{"line":108,"column":3070}},"11":{"start":{"line":110,"column":16},"end":{"line":110,"column":31}},"12":{"start":{"line":114,"column":8},"end":{"line":114,"column":42}},"13":{"start":{"line":118,"column":8},"end":{"line":118,"column":3386}},"14":{"start":{"line":123,"column":8},"end":{"line":123,"column":36}},"15":{"start":{"line":124,"column":8},"end":{"line":124,"column":38}},"16":{"start":{"line":128,"column":8},"end":{"line":128,"column":3728}},"17":{"start":{"line":133,"column":8},"end":{"line":133,"column":3891}},"18":{"start":{"line":134,"column":12},"end":{"line":134,"column":3957}},"19":{"start":{"line":136,"column":16},"end":{"line":136,"column":30}},"20":{"start":{"line":140,"column":8},"end":{"line":140,"column":40}},"21":{"start":{"line":144,"column":8},"end":{"line":144,"column":24}},"22":{"start":{"line":148,"column":8},"end":{"line":148,"column":25}},"23":{"start":{"line":156,"column":8},"end":{"line":156,"column":4581}},"24":{"start":{"line":160,"column":8},"end":{"line":160,"column":45}},"25":{"start":{"line":162,"column":8},"end":{"line":162,"column":54}},"26":{"start":{"line":165,"column":8},"end":{"line":165,"column":69}},"27":{"start":{"line":174,"column":8},"end":{"line":174,"column":5217}},"28":{"start":{"line":187,"column":8},"end":{"line":187,"column":71}},"29":{"start":{"line":201,"column":8},"end":{"line":201,"column":64}},"30":{"start":{"line":203,"column":8},"end":{"line":203,"column":64}},"31":{"start":{"line":204,"column":8},"end":{"line":204,"column":71}},"32":{"start":{"line":208,"column":8},"end":{"line":208,"column":6390}},"33":{"start":{"line":221,"column":8},"end":{"line":221,"column":58}},"34":{"start":{"line":232,"column":8},"end":{"line":232,"column":7211}},"35":{"start":{"line":246,"column":8},"end":{"line":246,"column":55}},"36":{"start":{"line":263,"column":8},"end":{"line":263,"column":8100}},"37":{"start":{"line":267,"column":8},"end":{"line":267,"column":8238}},"38":{"start":{"line":273,"column":8},"end":{"line":273,"column":8427}}},"branchMap":{"1":{"line":61,"type":"if","locations":[{"start":{"line":61,"column":8},"end":{"line":61,"column":8}},{"start":{"line":61,"column":8},"end":{"line":61,"column":8}}]},"2":{"line":69,"type":"if","locations":[{"start":{"line":69,"column":8},"end":{"line":69,"column":8}},{"start":{"line":69,"column":8},"end":{"line":69,"column":8}}]},"3":{"line":74,"type":"if","locations":[{"start":{"line":74,"column":8},"end":{"line":74,"column":8}},{"start":{"line":74,"column":8},"end":{"line":74,"column":8}}]},"4":{"line":90,"type":"if","locations":[{"start":{"line":90,"column":13},"end":{"line":90,"column":13}},{"start":{"line":90,"column":13},"end":{"line":90,"column":13}}]},"5":{"line":91,"type":"if","locations":[{"start":{"line":91,"column":8},"end":{"line":91,"column":8}},{"start":{"line":91,"column":8},"end":{"line":91,"column":8}}]},"6":{"line":101,"type":"if","locations":[{"start":{"line":101,"column":57},"end":{"line":101,"column":57}},{"start":{"line":101,"column":57},"end":{"line":101,"column":57}}]},"7":{"line":102,"type":"if","locations":[{"start":{"line":102,"column":8},"end":{"line":102,"column":8}},{"start":{"line":102,"column":8},"end":{"line":102,"column":8}}]},"8":{"line":108,"type":"if","locations":[{"start":{"line":108,"column":12},"end":{"line":108,"column":12}},{"start":{"line":108,"column":12},"end":{"line":108,"column":12}}]},"9":{"line":117,"type":"if","locations":[{"start":{"line":117,"column":52},"end":{"line":117,"column":52}},{"start":{"line":117,"column":52},"end":{"line":117,"column":52}}]},"10":{"line":118,"type":"if","locations":[{"start":{"line":118,"column":8},"end":{"line":118,"column":8}},{"start":{"line":118,"column":8},"end":{"line":118,"column":8}}]},"11":{"line":127,"type":"if","locations":[{"start":{"line":127,"column":55},"end":{"line":127,"column":55}},{"start":{"line":127,"column":55},"end":{"line":127,"column":55}}]},"12":{"line":128,"type":"if","locations":[{"start":{"line":128,"column":8},"end":{"line":128,"column":8}},{"start":{"line":128,"column":8},"end":{"line":128,"column":8}}]},"13":{"line":134,"type":"if","locations":[{"start":{"line":134,"column":12},"end":{"line":134,"column":12}},{"start":{"line":134,"column":12},"end":{"line":134,"column":12}}]},"14":{"line":156,"type":"if","locations":[{"start":{"line":156,"column":8},"end":{"line":156,"column":8}},{"start":{"line":156,"column":8},"end":{"line":156,"column":8}}]},"15":{"line":160,"type":"if","locations":[{"start":{"line":160,"column":8},"end":{"line":160,"column":8}},{"start":{"line":160,"column":8},"end":{"line":160,"column":8}}]},"16":{"line":195,"type":"if","locations":[{"start":{"line":195,"column":13},"end":{"line":195,"column":13}},{"start":{"line":195,"column":13},"end":{"line":195,"column":13}}]},"17":{"line":203,"type":"if","locations":[{"start":{"line":203,"column":8},"end":{"line":203,"column":8}},{"start":{"line":203,"column":8},"end":{"line":203,"column":8}}]},"18":{"line":204,"type":"if","locations":[{"start":{"line":204,"column":8},"end":{"line":204,"column":8}},{"start":{"line":204,"column":8},"end":{"line":204,"column":8}}]},"19":{"line":232,"type":"if","locations":[{"start":{"line":232,"column":8},"end":{"line":232,"column":8}},{"start":{"line":232,"column":8},"end":{"line":232,"column":8}}]},"20":{"line":233,"type":"cond-expr","locations":[{"start":{"line":233,"column":12},"end":{"line":233,"column":65}},{"start":{"line":234,"column":16},"end":{"line":234,"column":68}}]},"21":{"line":263,"type":"if","locations":[{"start":{"line":263,"column":8},"end":{"line":263,"column":8}},{"start":{"line":263,"column":8},"end":{"line":263,"column":8}}]},"22":{"line":267,"type":"if","locations":[{"start":{"line":267,"column":8},"end":{"line":267,"column":8}},{"start":{"line":267,"column":8},"end":{"line":267,"column":8}}]}}}}